2025-05-22 18:09:13,069 - INFO - [OK] Google está online (https://www.google.com)
2025-05-22 18:09:13,196 - INFO - [OK] GitHub está online (https://www.github.com)
2025-05-22 18:09:13,207 - ERROR - [ERROR] Site Inexistente está offline - HTTPSConnectionPool(host='site12345678900000.com', port=443): Max retries exceeded with url: / (Caused by NameResolutionError("<urllib3.connection.HTTPSConnection object at 0x0000019F5ABA7E10>: Failed to resolve 'site12345678900000.com' ([Errno 11001] getaddrinfo failed)"))
2025-05-22 18:11:33,661 - INFO - [OK] Google está online (https://www.google.com)
2025-05-22 18:11:33,777 - INFO - [OK] GitHub está online (https://www.github.com)
2025-05-22 18:11:33,789 - ERROR - [ERROR] Site Inexistente está offline - HTTPSConnectionPool(host='site12345678900000.com', port=443): Max retries exceeded with url: / (Caused by NameResolutionError("<urllib3.connection.HTTPSConnection object at 0x000001D773627ED0>: Failed to resolve 'site12345678900000.com' ([Errno 11001] getaddrinfo failed)"))
2025-05-24 15:37:54,400 - INFO - [OK] Google está online (https://www.google.com)
2025-05-24 15:37:54,525 - INFO - [OK] GitHub está online (https://www.github.com)
2025-05-24 15:37:54,537 - ERROR - [ERROR] Site Inexistente está offline - HTTPSConnectionPool(host='site12345678900000.com', port=443): Max retries exceeded with url: / (Caused by NameResolutionError("<urllib3.connection.HTTPSConnection object at 0x000002C0A6736350>: Failed to resolve 'site12345678900000.com' ([Errno 11001] getaddrinfo failed)"))
2025-05-24 15:38:20,514 - INFO - [OK] Google está online (https://www.google.com)
2025-05-24 15:38:20,606 - INFO - [OK] GitHub está online (https://www.github.com)
2025-05-24 15:38:20,619 - ERROR - [ERROR] Site Inexistente está offline - HTTPSConnectionPool(host='site12345678900000.com', port=443): Max retries exceeded with url: / (Caused by NameResolutionError("<urllib3.connection.HTTPSConnection object at 0x000002C0A67364D0>: Failed to resolve 'site12345678900000.com' ([Errno 11001] getaddrinfo failed)"))
2025-05-24 15:38:46,525 - INFO - [OK] Google está online (https://www.google.com)
2025-05-24 15:38:46,643 - INFO - [OK] GitHub está online (https://www.github.com)
2025-05-24 15:38:46,656 - ERROR - [ERROR] Site Inexistente está offline - HTTPSConnectionPool(host='site12345678900000.com', port=443): Max retries exceeded with url: / (Caused by NameResolutionError("<urllib3.connection.HTTPSConnection object at 0x000002C0A6739E10>: Failed to resolve 'site12345678900000.com' ([Errno 11001] getaddrinfo failed)"))
2025-05-24 15:39:12,603 - INFO - [OK] Google está online (https://www.google.com)
2025-05-24 15:39:12,715 - INFO - [OK] GitHub está online (https://www.github.com)
2025-05-24 15:39:12,726 - ERROR - [ERROR] Site Inexistente está offline - HTTPSConnectionPool(host='site12345678900000.com', port=443): Max retries exceeded with url: / (Caused by NameResolutionError("<urllib3.connection.HTTPSConnection object at 0x000002C0A673B150>: Failed to resolve 'site12345678900000.com' ([Errno 11001] getaddrinfo failed)"))
2025-05-24 15:39:27,315 - INFO - [OK] Google está online (https://www.google.com)
2025-05-24 15:39:27,457 - INFO - [OK] GitHub está online (https://www.github.com)
2025-05-24 15:39:27,470 - ERROR - [ERROR] Site Inexistente está offline - HTTPSConnectionPool(host='site12345678900000.com', port=443): Max retries exceeded with url: / (Caused by NameResolutionError("<urllib3.connection.HTTPSConnection object at 0x0000016680515B90>: Failed to resolve 'site12345678900000.com' ([Errno 11001] getaddrinfo failed)"))
